PLINK v2.0.0-a.6.9 64-bit (29 Jan 2025)
Options in effect:
  --indep-pairwise 10 5 0.01
  --maf 0.01
  --out hpylori_ld
  --pfile hpylori.id

Hostname: NCI-02277577-ML
Working directory: /Users/wangdi/work2/GrafGen-revision/benchmark/LD/to-git/GrafGen-benchmark/stability/data/ldprune
Start time: Wed Sep 24 02:33:22 2025

Random number seed: 1758695602
16384 MiB RAM detected; reserving 8192 MiB for main workspace.
Using up to 10 threads (change this with --threads).
1011 samples (0 females, 0 males, 1011 ambiguous; 1011 founders) loaded from
hpylori.id.psam.
Note: 1 nonstandard chromosome code present.
498895 variants loaded from hpylori.id.pvar.
Note: No phenotype data present.
Calculating allele frequencies... done.
293013 variants removed due to allele frequency threshold(s)
(--maf/--max-maf/--mac/--max-mac).
205882 variants remaining after main filters.
--indep-pairwise (1 compute thread): 138523/205882 variants removed.
Variant lists written to hpylori_ld.prune.in and hpylori_ld.prune.out .

End time: Wed Sep 24 02:33:22 2025
