PLINK v2.0.0-a.6.9 64-bit (29 Jan 2025)
Options in effect:
  --allow-extra-chr
  --make-pgen
  --new-id-max-allele-len 200
  --out hpylori.id
  --set-all-var-ids @:#::
  --snps-only just-acgt
  --vcf hpylori.vcf.gz

Hostname: NCI-02277577-ML
Working directory: /Users/wangdi/work2/GrafGen-revision/benchmark/LD/to-git/GrafGen-benchmark/stability/data/ldprune
Start time: Wed Sep 24 02:33:21 2025

Random number seed: 1758695601
16384 MiB RAM detected; reserving 8192 MiB for main workspace.
Using up to 10 threads (change this with --threads).
--vcf: 498895 variants scanned.
--vcf: hpylori.id-temporary.pgen + hpylori.id-temporary.pvar.zst +
hpylori.id-temporary.psam written.
1011 samples (0 females, 0 males, 1011 ambiguous; 1011 founders) loaded from
hpylori.id-temporary.psam.
Note: 1 nonstandard chromosome code present.
498895 variants loaded from hpylori.id-temporary.pvar.zst.
Note: No phenotype data present.
498895 variants remaining after main filters.
Writing hpylori.id.psam ... done.
Writing hpylori.id.pvar ... done.
Writing hpylori.id.pgen ... done.

End time: Wed Sep 24 02:33:22 2025
