PLINK v2.0.0-a.6.24 M1 (15 Sep 2025)
Options in effect:
  --allow-extra-chr
  --indep-pairwise 10 5 0.02
  --maf 0.01
  --out ldgrid/r2_0.02
  --pfile hpylori.id

Hostname: NCI-02277577-ML
Working directory: /Users/wangdi/work2/GrafGen-revision/benchmark/LD/to-git/GrafGen-benchmark/stability/data/ldprune
Start time: Wed Sep 24 02:36:18 2025

Random number seed: 1758695778
16384 MiB RAM detected; reserving 8192 MiB for main workspace.
Using up to 10 threads (change this with --threads).
1011 samples (0 females, 0 males, 1011 ambiguous; 1011 founders) loaded from
hpylori.id.psam.
Note: 1 nonstandard chromosome code present.
498895 variants loaded from hpylori.id.pvar.
Note: No phenotype data present.
Calculating allele frequencies... done.
293013 variants removed due to allele frequency threshold(s)
(--maf/--max-maf/--mac/--max-mac).
205882 variants remaining after main filters.
--indep-pairwise (1 compute thread): 113151/205882 variants removed.
Variant lists written to ldgrid/r2_0.02.prune.in and ldgrid/r2_0.02.prune.out .

End time: Wed Sep 24 02:36:18 2025
